# JRE version: Java(TM) SE Runtime Environment (8.0_231-b11) (build 1.8.0_231-b11)
# Java VM: Java HotSpot(TM) 64-Bit Server VM (25.231-b11 mixed mode windows-amd64 compressed oops)
Heap:
 PSYoungGen      total 135680K, used 132875K [0x00000000d5580000, 0x00000000e2e80000, 0x0000000100000000)
  eden space 123904K, 100% used [0x00000000d5580000,0x00000000dce80000,0x00000000dce80000)
  from space 11776K, 76% used [0x00000000dce80000,0x00000000dd742e78,0x00000000dda00000)
  to   space 12288K, 52% used [0x00000000e2280000,0x00000000e28d43c8,0x00000000e2e80000)
 ParOldGen       total 56832K, used 10322K [0x0000000080000000, 0x0000000083780000, 0x00000000d5580000)
  object space 56832K, 18% used [0x0000000080000000,0x0000000080a149e8,0x0000000083780000)
 Metaspace       used 29796K, capacity 31636K, committed 31872K, reserved 1077248K
  class space    used 4109K, capacity 4452K, committed 4480K, reserved 1048576K
GC Heap History (10 events):
Event: 3.329 GC heap after
Heap after GC invocations=4 (full 0):
 PSYoungGen      total 71680K, used 5118K [0x00000000d5580000, 0x00000000da080000, 0x0000000100000000)
  eden space 66560K, 0% used [0x00000000d5580000,0x00000000d5580000,0x00000000d9680000)
  from space 5120K, 99% used [0x00000000d9b80000,0x00000000da07fa68,0x00000000da080000)
  to   space 5120K, 0% used [0x00000000d9680000,0x00000000d9680000,0x00000000d9b80000)
 ParOldGen       total 87552K, used 3714K [0x0000000080000000, 0x0000000085580000, 0x00000000d5580000)
  object space 87552K, 4% used [0x0000000080000000,0x00000000803a09d8,0x0000000085580000)
 Metaspace       used 15385K, capacity 15982K, committed 16128K, reserved 1062912K
  class space    used 2064K, capacity 2232K, committed 2304K, reserved 1048576K
}
Event: 3.879 GC heap before
{Heap before GC invocations=5 (full 0):
 PSYoungGen      total 71680K, used 60107K [0x00000000d5580000, 0x00000000da080000, 0x0000000100000000)
  eden space 66560K, 82% used [0x00000000d5580000,0x00000000d8b33470,0x00000000d9680000)
  from space 5120K, 99% used [0x00000000d9b80000,0x00000000da07fa68,0x00000000da080000)
  to   space 5120K, 0% used [0x00000000d9680000,0x00000000d9680000,0x00000000d9b80000)
 ParOldGen       total 87552K, used 3714K [0x0000000080000000, 0x0000000085580000, 0x00000000d5580000)
  object space 87552K, 4% used [0x0000000080000000,0x00000000803a09d8,0x0000000085580000)
 Metaspace       used 20371K, capacity 21098K, committed 21296K, reserved 1067008K
  class space    used 2735K, capacity 2920K, committed 2944K, reserved 1048576K
Event: 3.903 GC heap after
Heap after GC invocations=5 (full 0):
 PSYoungGen      total 71680K, used 5118K [0x00000000d5580000, 0x00000000ded80000, 0x0000000100000000)
  eden space 66560K, 0% used [0x00000000d5580000,0x00000000d5580000,0x00000000d9680000)
  from space 5120K, 99% used [0x00000000d9680000,0x00000000d9b7fa88,0x00000000d9b80000)
  to   space 11264K, 0% used [0x00000000de280000,0x00000000de280000,0x00000000ded80000)
 ParOldGen       total 87552K, used 9119K [0x0000000080000000, 0x0000000085580000, 0x00000000d5580000)
  object space 87552K, 10% used [0x0000000080000000,0x00000000808e7f40,0x0000000085580000)
 Metaspace       used 20371K, capacity 21098K, committed 21296K, reserved 1067008K
  class space    used 2735K, capacity 2920K, committed 2944K, reserved 1048576K
}
Event: 3.903 GC heap before
{Heap before GC invocations=6 (full 1):
 PSYoungGen      total 71680K, used 5118K [0x00000000d5580000, 0x00000000ded80000, 0x0000000100000000)
  eden space 66560K, 0% used [0x00000000d5580000,0x00000000d5580000,0x00000000d9680000)
  from space 5120K, 99% used [0x00000000d9680000,0x00000000d9b7fa88,0x00000000d9b80000)
  to   space 11264K, 0% used [0x00000000de280000,0x00000000de280000,0x00000000ded80000)
 ParOldGen       total 87552K, used 9119K [0x0000000080000000, 0x0000000085580000, 0x00000000d5580000)
  object space 87552K, 10% used [0x0000000080000000,0x00000000808e7f40,0x0000000085580000)
 Metaspace       used 20371K, capacity 21098K, committed 21296K, reserved 1067008K
  class space    used 2735K, capacity 2920K, committed 2944K, reserved 1048576K
Event: 3.959 GC heap after
Heap after GC invocations=6 (full 1):
 PSYoungGen      total 71680K, used 0K [0x00000000d5580000, 0x00000000ded80000, 0x0000000100000000)
  eden space 66560K, 0% used [0x00000000d5580000,0x00000000d5580000,0x00000000d9680000)
  from space 5120K, 0% used [0x00000000d9680000,0x00000000d9680000,0x00000000d9b80000)
  to   space 11264K, 0% used [0x00000000de280000,0x00000000de280000,0x00000000ded80000)
 ParOldGen       total 56832K, used 10298K [0x0000000080000000, 0x0000000083780000, 0x00000000d5580000)
  object space 56832K, 18% used [0x0000000080000000,0x0000000080a0e9e8,0x0000000083780000)
 Metaspace       used 20369K, capacity 21092K, committed 21296K, reserved 1067008K
  class space    used 2734K, capacity 2919K, committed 2944K, reserved 1048576K
}
Event: 4.569 GC heap before
{Heap before GC invocations=7 (full 1):
 PSYoungGen      total 71680K, used 66560K [0x00000000d5580000, 0x00000000ded80000, 0x0000000100000000)
  eden space 66560K, 100% used [0x00000000d5580000,0x00000000d9680000,0x00000000d9680000)
  from space 5120K, 0% used [0x00000000d9680000,0x00000000d9680000,0x00000000d9b80000)
  to   space 11264K, 0% used [0x00000000de280000,0x00000000de280000,0x00000000ded80000)
 ParOldGen       total 56832K, used 10298K [0x0000000080000000, 0x0000000083780000, 0x00000000d5580000)
  object space 56832K, 18% used [0x0000000080000000,0x0000000080a0e9e8,0x0000000083780000)
 Metaspace       used 21810K, capacity 22692K, committed 22912K, reserved 1069056K
  class space    used 2954K, capacity 3178K, committed 3200K, reserved 1048576K
Event: 4.576 GC heap after
Heap after GC invocations=7 (full 1):
 PSYoungGen      total 119296K, used 2681K [0x00000000d5580000, 0x00000000de580000, 0x0000000100000000)
  eden space 116224K, 0% used [0x00000000d5580000,0x00000000d5580000,0x00000000dc700000)
  from space 3072K, 87% used [0x00000000de280000,0x00000000de51e550,0x00000000de580000)
  to   space 11776K, 0% used [0x00000000dce80000,0x00000000dce80000,0x00000000dda00000)
 ParOldGen       total 56832K, used 10306K [0x0000000080000000, 0x0000000083780000, 0x00000000d5580000)
  object space 56832K, 18% used [0x0000000080000000,0x0000000080a109e8,0x0000000083780000)
 Metaspace       used 21810K, capacity 22692K, committed 22912K, reserved 1069056K
  class space    used 2954K, capacity 3178K, committed 3200K, reserved 1048576K
}
Event: 6.189 GC heap before
{Heap before GC invocations=8 (full 1):
 PSYoungGen      total 119296K, used 118905K [0x00000000d5580000, 0x00000000de580000, 0x0000000100000000)
  eden space 116224K, 100% used [0x00000000d5580000,0x00000000dc700000,0x00000000dc700000)
  from space 3072K, 87% used [0x00000000de280000,0x00000000de51e550,0x00000000de580000)
  to   space 11776K, 0% used [0x00000000dce80000,0x00000000dce80000,0x00000000dda00000)
 ParOldGen       total 56832K, used 10306K [0x0000000080000000, 0x0000000083780000, 0x00000000d5580000)
  object space 56832K, 18% used [0x0000000080000000,0x0000000080a109e8,0x0000000083780000)
 Metaspace       used 25613K, capacity 26870K, committed 27136K, reserved 1073152K
  class space    used 3543K, capacity 3817K, committed 3840K, reserved 1048576K
Event: 6.208 GC heap after
Heap after GC invocations=8 (full 1):
 PSYoungGen      total 135680K, used 8971K [0x00000000d5580000, 0x00000000e2e80000, 0x0000000100000000)
  eden space 123904K, 0% used [0x00000000d5580000,0x00000000d5580000,0x00000000dce80000)
  from space 11776K, 76% used [0x00000000dce80000,0x00000000dd742e78,0x00000000dda00000)
  to   space 12288K, 0% used [0x00000000e2280000,0x00000000e2280000,0x00000000e2e80000)
 ParOldGen       total 56832K, used 10314K [0x0000000080000000, 0x0000000083780000, 0x00000000d5580000)
  object space 56832K, 18% used [0x0000000080000000,0x0000000080a129e8,0x0000000083780000)
 Metaspace       used 25613K, capacity 26870K, committed 27136K, reserved 1073152K
  class space    used 3543K, capacity 3817K, committed 3840K, reserved 1048576K
}
Event: 18.653 GC heap before
{Heap before GC invocations=9 (full 1):
 PSYoungGen      total 135680K, used 132875K [0x00000000d5580000, 0x00000000e2e80000, 0x0000000100000000)
  eden space 123904K, 100% used [0x00000000d5580000,0x00000000dce80000,0x00000000dce80000)
  from space 11776K, 76% used [0x00000000dce80000,0x00000000dd742e78,0x00000000dda00000)
  to   space 12288K, 0% used [0x00000000e2280000,0x00000000e2280000,0x00000000e2e80000)
 ParOldGen       total 56832K, used 10314K [0x0000000080000000, 0x0000000083780000, 0x00000000d5580000)
  object space 56832K, 18% used [0x0000000080000000,0x0000000080a129e8,0x0000000083780000)
 Metaspace       used 29796K, capacity 31636K, committed 31872K, reserved 1077248K
  class space    used 4109K, capacity 4452K, committed 4480K, reserved 1048576K

